<?xml version='1.0' encoding='utf-8'?>
<testsuites><testsuite name="TestAlertSystem"><testcase name="test_buffer_threshold_alert" /><testcase name="test_config_validation" /><testcase name="test_cpu_threshold_alert" /><testcase name="test_error_handling" /><testcase name="test_memory_threshold_alert" /><testcase name="test_rapid_state_transitions" /><testcase name="test_storage_latency_alert" /><testcase name="test_stress_monitoring" /><testcase name="test_thread_registration" /></testsuite><testsuite name="TestAlertSystemDynamic"><testcase name="test_alert_history" /><testcase name="test_alert_suppression" /><testcase name="test_dynamic_thresholds" /><testcase name="test_performance_impact" /><testcase name="test_rate_limiting" /></testsuite></testsuites>